{"C:\\Users\\franp\\Downloads\\nabla-test\\server\\src\\config\\config.ts": {"path":"C:\\Users\\franp\\Downloads\\nabla-test\\server\\src\\config\\config.ts","statementMap":{"0":{"start":{"line":1,"column":0},"end":{"line":1,"column":27}},"1":{"start":{"line":3,"column":0},"end":{"line":3,"column":null}},"2":{"start":{"line":32,"column":0},"end":{"line":36,"column":1}},"3":{"start":{"line":33,"column":4},"end":{"line":33,"column":45}},"4":{"start":{"line":35,"column":4},"end":{"line":35,"column":null}},"5":{"start":{"line":38,"column":12},"end":{"line":38,"column":49}},"6":{"start":{"line":40,"column":24},"end":{"line":75,"column":2}},"7":{"start":{"line":79,"column":0},"end":{"line":79,"column":27}}},"fnMap":{},"branchMap":{"0":{"loc":{"start":{"line":32,"column":0},"end":{"line":36,"column":1}},"type":"if","locations":[{"start":{"line":32,"column":0},"end":{"line":36,"column":1}},{"start":{"line":34,"column":7},"end":{"line":36,"column":1}}]},"1":{"loc":{"start":{"line":38,"column":12},"end":{"line":38,"column":49}},"type":"cond-expr","locations":[{"start":{"line":38,"column":32},"end":{"line":38,"column":36}},{"start":{"line":38,"column":36},"end":{"line":38,"column":49}}]},"2":{"loc":{"start":{"line":38,"column":12},"end":{"line":38,"column":36}},"type":"binary-expr","locations":[{"start":{"line":38,"column":12},"end":{"line":38,"column":36}},{"start":{"line":38,"column":32},"end":{"line":38,"column":36}}]},"3":{"loc":{"start":{"line":43,"column":9},"end":{"line":43,"column":33}},"type":"binary-expr","locations":[{"start":{"line":43,"column":9},"end":{"line":43,"column":25}},{"start":{"line":43,"column":29},"end":{"line":43,"column":33}}]},"4":{"loc":{"start":{"line":60,"column":9},"end":{"line":60,"column":33}},"type":"binary-expr","locations":[{"start":{"line":60,"column":9},"end":{"line":60,"column":25}},{"start":{"line":60,"column":29},"end":{"line":60,"column":33}}]}},"s":{"0":1,"1":1,"2":1,"3":0,"4":1,"5":1,"6":1,"7":1},"f":{},"b":{"0":[0,1],"1":[1,0],"2":[1,1],"3":[1,0],"4":[1,0]}}
,"C:\\Users\\franp\\Downloads\\nabla-test\\server\\src\\controllers\\user.controller.ts": {"path":"C:\\Users\\franp\\Downloads\\nabla-test\\server\\src\\controllers\\user.controller.ts","statementMap":{"0":{"start":{"line":2,"column":0},"end":{"line":2,"column":40}},"1":{"start":{"line":3,"column":0},"end":{"line":3,"column":48}},"2":{"start":{"line":4,"column":0},"end":{"line":4,"column":28}},"3":{"start":{"line":5,"column":0},"end":{"line":5,"column":31}},"4":{"start":{"line":6,"column":0},"end":{"line":6,"column":20}},"5":{"start":{"line":8,"column":19},"end":{"line":8,"column":41}},"6":{"start":{"line":9,"column":0},"end":{"line":11,"column":1}},"7":{"start":{"line":10,"column":1},"end":{"line":10,"column":46}},"8":{"start":{"line":13,"column":26},"end":{"line":59,"column":2}},"9":{"start":{"line":13,"column":64},"end":{"line":59,"column":2}},"10":{"start":{"line":14,"column":45},"end":{"line":14,"column":53}},"11":{"start":{"line":16,"column":1},"end":{"line":58,"column":2}},"12":{"start":{"line":18,"column":2},"end":{"line":23,"column":3}},"13":{"start":{"line":19,"column":3},"end":{"line":22,"column":6}},"14":{"start":{"line":26,"column":21},"end":{"line":28,"column":4}},"15":{"start":{"line":30,"column":2},"end":{"line":37,"column":3}},"16":{"start":{"line":32,"column":3},"end":{"line":36,"column":6}},"17":{"start":{"line":40,"column":25},"end":{"line":40,"column":60}},"18":{"start":{"line":43,"column":18},"end":{"line":49,"column":4}},"19":{"start":{"line":51,"column":2},"end":{"line":54,"column":5}},"20":{"start":{"line":56,"column":2},"end":{"line":56,"column":21}},"21":{"start":{"line":57,"column":2},"end":{"line":57,"column":64}},"22":{"start":{"line":13,"column":13},"end":{"line":13,"column":26}},"23":{"start":{"line":61,"column":25},"end":{"line":94,"column":2}},"24":{"start":{"line":61,"column":63},"end":{"line":94,"column":2}},"25":{"start":{"line":62,"column":35},"end":{"line":62,"column":43}},"26":{"start":{"line":63,"column":1},"end":{"line":93,"column":2}},"27":{"start":{"line":64,"column":15},"end":{"line":74,"column":4}},"28":{"start":{"line":76,"column":2},"end":{"line":78,"column":3}},"29":{"start":{"line":77,"column":3},"end":{"line":77,"column":58}},"30":{"start":{"line":80,"column":24},"end":{"line":80,"column":77}},"31":{"start":{"line":81,"column":2},"end":{"line":83,"column":3}},"32":{"start":{"line":82,"column":3},"end":{"line":82,"column":60}},"33":{"start":{"line":84,"column":16},"end":{"line":84,"column":78}},"34":{"start":{"line":86,"column":2},"end":{"line":86,"column":61}},"35":{"start":{"line":88,"column":52},"end":{"line":88,"column":56}},"36":{"start":{"line":88,"column":48},"end":{"line":88,"column":52}},"37":{"start":{"line":89,"column":2},"end":{"line":89,"column":95}},"38":{"start":{"line":91,"column":2},"end":{"line":91,"column":23}},"39":{"start":{"line":92,"column":2},"end":{"line":92,"column":64}},"40":{"start":{"line":61,"column":13},"end":{"line":61,"column":25}},"41":{"start":{"line":95,"column":27},"end":{"line":104,"column":2}},"42":{"start":{"line":95,"column":65},"end":{"line":104,"column":2}},"43":{"start":{"line":96,"column":1},"end":{"line":103,"column":2}},"44":{"start":{"line":97,"column":19},"end":{"line":97,"column":47}},"45":{"start":{"line":99,"column":2},"end":{"line":99,"column":90}},"46":{"start":{"line":101,"column":2},"end":{"line":101,"column":21}},"47":{"start":{"line":102,"column":2},"end":{"line":102,"column":64}},"48":{"start":{"line":95,"column":13},"end":{"line":95,"column":27}},"49":{"start":{"line":106,"column":30},"end":{"line":134,"column":2}},"50":{"start":{"line":106,"column":68},"end":{"line":134,"column":2}},"51":{"start":{"line":107,"column":18},"end":{"line":107,"column":28}},"52":{"start":{"line":108,"column":31},"end":{"line":108,"column":39}},"53":{"start":{"line":109,"column":19},"end":{"line":109,"column":27}},"54":{"start":{"line":110,"column":1},"end":{"line":110,"column":null}},"55":{"start":{"line":112,"column":1},"end":{"line":133,"column":2}},"56":{"start":{"line":113,"column":2},"end":{"line":115,"column":3}},"57":{"start":{"line":114,"column":3},"end":{"line":114,"column":60}},"58":{"start":{"line":116,"column":2},"end":{"line":118,"column":3}},"59":{"start":{"line":117,"column":3},"end":{"line":117,"column":78}},"60":{"start":{"line":120,"column":17},"end":{"line":120,"column":50}},"61":{"start":{"line":122,"column":2},"end":{"line":122,"column":32}},"62":{"start":{"line":124,"column":21},"end":{"line":127,"column":4}},"63":{"start":{"line":128,"column":52},"end":{"line":128,"column":62}},"64":{"start":{"line":128,"column":48},"end":{"line":128,"column":52}},"65":{"start":{"line":129,"column":2},"end":{"line":129,"column":117}},"66":{"start":{"line":131,"column":2},"end":{"line":131,"column":21}},"67":{"start":{"line":132,"column":2},"end":{"line":132,"column":64}},"68":{"start":{"line":106,"column":13},"end":{"line":106,"column":30}},"69":{"start":{"line":136,"column":30},"end":{"line":150,"column":2}},"70":{"start":{"line":136,"column":68},"end":{"line":150,"column":2}},"71":{"start":{"line":137,"column":18},"end":{"line":137,"column":28}},"72":{"start":{"line":139,"column":1},"end":{"line":149,"column":2}},"73":{"start":{"line":140,"column":21},"end":{"line":140,"column":72}},"74":{"start":{"line":141,"column":2},"end":{"line":143,"column":3}},"75":{"start":{"line":142,"column":3},"end":{"line":142,"column":60}},"76":{"start":{"line":145,"column":2},"end":{"line":145,"column":71}},"77":{"start":{"line":147,"column":2},"end":{"line":147,"column":21}},"78":{"start":{"line":148,"column":2},"end":{"line":148,"column":64}},"79":{"start":{"line":136,"column":13},"end":{"line":136,"column":30}}},"fnMap":{"0":{"name":"(anonymous_9)","decl":{"start":{"line":13,"column":26},"end":{"line":13,"column":33}},"loc":{"start":{"line":13,"column":64},"end":{"line":59,"column":2}}},"1":{"name":"(anonymous_10)","decl":{"start":{"line":13,"column":64},"end":{"line":13,"column":null}},"loc":{"start":{"line":13,"column":64},"end":{"line":59,"column":1}}},"2":{"name":"(anonymous_11)","decl":{"start":{"line":61,"column":25},"end":{"line":61,"column":32}},"loc":{"start":{"line":61,"column":63},"end":{"line":94,"column":2}}},"3":{"name":"(anonymous_12)","decl":{"start":{"line":61,"column":63},"end":{"line":61,"column":null}},"loc":{"start":{"line":61,"column":63},"end":{"line":94,"column":1}}},"4":{"name":"(anonymous_13)","decl":{"start":{"line":95,"column":27},"end":{"line":95,"column":34}},"loc":{"start":{"line":95,"column":65},"end":{"line":104,"column":2}}},"5":{"name":"(anonymous_14)","decl":{"start":{"line":95,"column":65},"end":{"line":95,"column":null}},"loc":{"start":{"line":95,"column":65},"end":{"line":104,"column":1}}},"6":{"name":"(anonymous_15)","decl":{"start":{"line":106,"column":30},"end":{"line":106,"column":37}},"loc":{"start":{"line":106,"column":68},"end":{"line":134,"column":2}}},"7":{"name":"(anonymous_16)","decl":{"start":{"line":106,"column":68},"end":{"line":106,"column":null}},"loc":{"start":{"line":106,"column":68},"end":{"line":134,"column":1}}},"8":{"name":"(anonymous_17)","decl":{"start":{"line":136,"column":30},"end":{"line":136,"column":37}},"loc":{"start":{"line":136,"column":68},"end":{"line":150,"column":2}}},"9":{"name":"(anonymous_18)","decl":{"start":{"line":136,"column":68},"end":{"line":136,"column":null}},"loc":{"start":{"line":136,"column":68},"end":{"line":150,"column":1}}}},"branchMap":{"0":{"loc":{"start":{"line":9,"column":0},"end":{"line":11,"column":1}},"type":"if","locations":[{"start":{"line":9,"column":0},"end":{"line":11,"column":1}}]},"1":{"loc":{"start":{"line":18,"column":2},"end":{"line":23,"column":3}},"type":"if","locations":[{"start":{"line":18,"column":2},"end":{"line":23,"column":3}}]},"2":{"loc":{"start":{"line":18,"column":6},"end":{"line":18,"column":46}},"type":"binary-expr","locations":[{"start":{"line":18,"column":6},"end":{"line":18,"column":15}},{"start":{"line":18,"column":19},"end":{"line":18,"column":29}},{"start":{"line":18,"column":33},"end":{"line":18,"column":46}}]},"3":{"loc":{"start":{"line":30,"column":2},"end":{"line":37,"column":3}},"type":"if","locations":[{"start":{"line":30,"column":2},"end":{"line":37,"column":3}}]},"4":{"loc":{"start":{"line":76,"column":2},"end":{"line":78,"column":3}},"type":"if","locations":[{"start":{"line":76,"column":2},"end":{"line":78,"column":3}}]},"5":{"loc":{"start":{"line":81,"column":2},"end":{"line":83,"column":3}},"type":"if","locations":[{"start":{"line":81,"column":2},"end":{"line":83,"column":3}}]},"6":{"loc":{"start":{"line":113,"column":2},"end":{"line":115,"column":3}},"type":"if","locations":[{"start":{"line":113,"column":2},"end":{"line":115,"column":3}}]},"7":{"loc":{"start":{"line":116,"column":2},"end":{"line":118,"column":3}},"type":"if","locations":[{"start":{"line":116,"column":2},"end":{"line":118,"column":3}}]},"8":{"loc":{"start":{"line":116,"column":6},"end":{"line":116,"column":29}},"type":"binary-expr","locations":[{"start":{"line":116,"column":6},"end":{"line":116,"column":15}},{"start":{"line":116,"column":19},"end":{"line":116,"column":29}}]},"9":{"loc":{"start":{"line":126,"column":42},"end":{"line":126,"column":60}},"type":"cond-expr","locations":[{"start":{"line":126,"column":48},"end":{"line":126,"column":50}},{"start":{"line":126,"column":42},"end":{"line":126,"column":60}}]},"10":{"loc":{"start":{"line":126,"column":42},"end":{"line":126,"column":50}},"type":"binary-expr","locations":[{"start":{"line":126,"column":42},"end":{"line":126,"column":50}},{"start":{"line":126,"column":42},"end":{"line":126,"column":50}}]},"11":{"loc":{"start":{"line":141,"column":2},"end":{"line":143,"column":3}},"type":"if","locations":[{"start":{"line":141,"column":2},"end":{"line":143,"column":3}}]}},"s":{"0":1,"1":1,"2":1,"3":1,"4":1,"5":1,"6":1,"7":0,"8":1,"9":1,"10":1,"11":1,"12":1,"13":0,"14":1,"15":1,"16":0,"17":1,"18":1,"19":1,"20":0,"21":0,"22":1,"23":1,"24":1,"25":1,"26":1,"27":1,"28":1,"29":0,"30":1,"31":1,"32":0,"33":1,"34":1,"35":1,"36":1,"37":1,"38":0,"39":0,"40":1,"41":1,"42":1,"43":1,"44":1,"45":1,"46":0,"47":0,"48":1,"49":1,"50":2,"51":2,"52":2,"53":2,"54":2,"55":2,"56":2,"57":1,"58":1,"59":0,"60":1,"61":1,"62":1,"63":1,"64":1,"65":1,"66":0,"67":0,"68":1,"69":1,"70":2,"71":2,"72":2,"73":2,"74":1,"75":0,"76":1,"77":1,"78":1,"79":1},"f":{"0":1,"1":1,"2":1,"3":1,"4":1,"5":1,"6":2,"7":2,"8":2,"9":2},"b":{"0":[0],"1":[0],"2":[1,1,1],"3":[0],"4":[0],"5":[0],"6":[1],"7":[0],"8":[1,1],"9":[1,0],"10":[1,1],"11":[0]}}
,"C:\\Users\\franp\\Downloads\\nabla-test\\server\\src\\utils\\cloudinary.ts": {"path":"C:\\Users\\franp\\Downloads\\nabla-test\\server\\src\\utils\\cloudinary.ts","statementMap":{"0":{"start":{"line":1,"column":0},"end":{"line":1,"column":44}},"1":{"start":{"line":2,"column":0},"end":{"line":2,"column":38}},"2":{"start":{"line":4,"column":0},"end":{"line":9,"column":3}},"3":{"start":{"line":12,"column":1},"end":{"line":20,"column":2}},"4":{"start":{"line":13,"column":17},"end":{"line":15,"column":4}},"5":{"start":{"line":16,"column":2},"end":{"line":16,"column":16}},"6":{"start":{"line":18,"column":2},"end":{"line":18,"column":60}},"7":{"start":{"line":19,"column":2},"end":{"line":19,"column":14}},"8":{"start":{"line":11,"column":0},"end":{"line":11,"column":22}}},"fnMap":{"0":{"name":"uploadImage","decl":{"start":{"line":11,"column":22},"end":{"line":11,"column":33}},"loc":{"start":{"line":11,"column":50},"end":{"line":21,"column":null}}}},"branchMap":{"0":{"loc":{"start":{"line":5,"column":13},"end":{"line":5,"column":48}},"type":"cond-expr","locations":[{"start":{"line":5,"column":31},"end":{"line":5,"column":33}},{"start":{"line":5,"column":31},"end":{"line":5,"column":48}}]},"1":{"loc":{"start":{"line":5,"column":13},"end":{"line":5,"column":33}},"type":"binary-expr","locations":[{"start":{"line":5,"column":13},"end":{"line":5,"column":33}},{"start":{"line":5,"column":31},"end":{"line":5,"column":33}}]},"2":{"loc":{"start":{"line":5,"column":13},"end":{"line":5,"column":31}},"type":"cond-expr","locations":[{"start":{"line":5,"column":19},"end":{"line":5,"column":21}},{"start":{"line":5,"column":13},"end":{"line":5,"column":31}}]},"3":{"loc":{"start":{"line":5,"column":13},"end":{"line":5,"column":21}},"type":"binary-expr","locations":[{"start":{"line":5,"column":13},"end":{"line":5,"column":21}},{"start":{"line":5,"column":13},"end":{"line":5,"column":21}}]},"4":{"loc":{"start":{"line":6,"column":13},"end":{"line":6,"column":54}},"type":"cond-expr","locations":[{"start":{"line":6,"column":31},"end":{"line":6,"column":33}},{"start":{"line":6,"column":31},"end":{"line":6,"column":54}}]},"5":{"loc":{"start":{"line":6,"column":13},"end":{"line":6,"column":33}},"type":"binary-expr","locations":[{"start":{"line":6,"column":13},"end":{"line":6,"column":33}},{"start":{"line":6,"column":31},"end":{"line":6,"column":33}}]},"6":{"loc":{"start":{"line":6,"column":13},"end":{"line":6,"column":31}},"type":"cond-expr","locations":[{"start":{"line":6,"column":19},"end":{"line":6,"column":21}},{"start":{"line":6,"column":13},"end":{"line":6,"column":31}}]},"7":{"loc":{"start":{"line":6,"column":13},"end":{"line":6,"column":21}},"type":"binary-expr","locations":[{"start":{"line":6,"column":13},"end":{"line":6,"column":21}},{"start":{"line":6,"column":13},"end":{"line":6,"column":21}}]},"8":{"loc":{"start":{"line":7,"column":10},"end":{"line":7,"column":47}},"type":"cond-expr","locations":[{"start":{"line":7,"column":16},"end":{"line":7,"column":18}},{"start":{"line":7,"column":10},"end":{"line":7,"column":47}}]},"9":{"loc":{"start":{"line":7,"column":10},"end":{"line":7,"column":18}},"type":"binary-expr","locations":[{"start":{"line":7,"column":10},"end":{"line":7,"column":18}},{"start":{"line":7,"column":10},"end":{"line":7,"column":18}}]}},"s":{"0":1,"1":1,"2":1,"3":0,"4":0,"5":0,"6":0,"7":0,"8":1},"f":{"0":0},"b":{"0":[1,0],"1":[1,1],"2":[1,0],"3":[1,1],"4":[1,0],"5":[1,1],"6":[1,0],"7":[1,1],"8":[1,0],"9":[1,1]}}
}
