TN:
SF:src\config\config.ts
FNF:0
FNH:0
DA:1,1
DA:3,1
DA:32,1
DA:33,0
DA:35,1
DA:38,1
DA:40,1
DA:79,1
LF:8
LH:7
BRDA:32,0,0,0
BRDA:32,0,1,1
BRDA:38,1,0,1
BRDA:38,1,1,0
BRDA:38,2,0,1
BRDA:38,2,1,1
BRDA:43,3,0,1
BRDA:43,3,1,0
BRDA:60,4,0,1
BRDA:60,4,1,0
BRF:10
BRH:6
end_of_record
TN:
SF:src\controllers\user.controller.ts
FN:13,(anonymous_9)
FN:13,(anonymous_10)
FN:61,(anonymous_11)
FN:61,(anonymous_12)
FN:95,(anonymous_13)
FN:95,(anonymous_14)
FN:106,(anonymous_15)
FN:106,(anonymous_16)
FN:136,(anonymous_17)
FN:136,(anonymous_18)
FNF:10
FNH:10
FNDA:1,(anonymous_9)
FNDA:1,(anonymous_10)
FNDA:1,(anonymous_11)
FNDA:1,(anonymous_12)
FNDA:1,(anonymous_13)
FNDA:1,(anonymous_14)
FNDA:2,(anonymous_15)
FNDA:2,(anonymous_16)
FNDA:2,(anonymous_17)
FNDA:2,(anonymous_18)
DA:2,1
DA:3,1
DA:4,1
DA:5,1
DA:6,1
DA:8,1
DA:9,1
DA:10,0
DA:13,1
DA:14,1
DA:16,1
DA:18,1
DA:19,0
DA:26,1
DA:30,1
DA:32,0
DA:40,1
DA:43,1
DA:51,1
DA:56,0
DA:57,0
DA:61,1
DA:62,1
DA:63,1
DA:64,1
DA:76,1
DA:77,0
DA:80,1
DA:81,1
DA:82,0
DA:84,1
DA:86,1
DA:88,1
DA:89,1
DA:91,0
DA:92,0
DA:95,1
DA:96,1
DA:97,1
DA:99,1
DA:101,0
DA:102,0
DA:106,2
DA:107,2
DA:108,2
DA:109,2
DA:110,2
DA:112,2
DA:113,2
DA:114,1
DA:116,1
DA:117,0
DA:120,1
DA:122,1
DA:124,1
DA:128,1
DA:129,1
DA:131,0
DA:132,0
DA:136,2
DA:137,2
DA:139,2
DA:140,2
DA:141,1
DA:142,0
DA:145,1
DA:147,1
DA:148,1
LF:68
LH:53
BRDA:9,0,0,0
BRDA:18,1,0,0
BRDA:18,2,0,1
BRDA:18,2,1,1
BRDA:18,2,2,1
BRDA:30,3,0,0
BRDA:76,4,0,0
BRDA:81,5,0,0
BRDA:113,6,0,1
BRDA:116,7,0,0
BRDA:116,8,0,1
BRDA:116,8,1,1
BRDA:126,9,0,1
BRDA:126,9,1,0
BRDA:126,10,0,1
BRDA:126,10,1,1
BRDA:141,11,0,0
BRF:17
BRH:9
end_of_record
TN:
SF:src\utils\cloudinary.ts
FN:11,uploadImage
FN:23,(anonymous_10)
FN:23,(anonymous_11)
FNF:3
FNH:0
FNDA:0,uploadImage
FNDA:0,(anonymous_10)
FNDA:0,(anonymous_11)
DA:1,1
DA:2,1
DA:4,1
DA:11,1
DA:12,0
DA:13,0
DA:16,0
DA:18,0
DA:19,0
DA:23,1
DA:24,0
LF:11
LH:5
BRDA:5,0,0,1
BRDA:5,0,1,0
BRDA:5,1,0,1
BRDA:5,1,1,1
BRDA:5,2,0,1
BRDA:5,2,1,0
BRDA:5,3,0,1
BRDA:5,3,1,1
BRDA:6,4,0,1
BRDA:6,4,1,0
BRDA:6,5,0,1
BRDA:6,5,1,1
BRDA:6,6,0,1
BRDA:6,6,1,0
BRDA:6,7,0,1
BRDA:6,7,1,1
BRDA:7,8,0,1
BRDA:7,8,1,0
BRDA:7,9,0,1
BRDA:7,9,1,1
BRF:20
BRH:15
end_of_record
